3 150 139 250
3 0 260 81
3 221 203 138
3 216 13 119
3 167 210 201
3 152 24 118
3 299 161 199
3 7 133 205
3 8 127 16
3 296 20 106
3 294 109 112
3 286 111 291
3 275 14 297
3 259 113 181
3 249 29 293
3 246 15 47
3 234 28 51
3 212 117 155
3 184 193 154
3 180 191 292
3 179 245 206
3 168 121 289
3 4 122 288
3 164 244 223
3 162 243 176
3 159 125 55
3 148 241 145
3 134 253 266
3 116 128 228
3 110 129 265
3 108 239 142
3 103 188 264
3 99 187 141
3 33 107 262
3 34 27 182
3 88 236 59
3 36 136 43
3 87 137 66
3 85 198 238
3 80 185 196
3 75 18 100
3 41 232 255
3 72 230 242
3 65 227 71
3 54 144 251
3 172 226 120
3 5 146 115
3 298 200 31
3 48 26 104
3 295 225 12
3 50 224 35
3 10 222 78
3 290 202 252
3 53 220 30
3 44 218 219
3 287 217 17
3 56 156 256
3 57 157 215
3 58 158 173
3 11 19 279
3 60 160 231
3 61 254 208
3 62 105 240
3 63 163 97
3 64 102 186
3 285 3 229
3 284 166 143
3 283 204 272
3 68 21 37
3 282 214 233
3 70 170 49
3 281 171 1
3 42 213 169
3 73 258 270
3 74 174 194
3 40 209 183
3 76 207 46
3 277 177 135
3 276 67 94
3 79 22 69
3 39 195 52
3 273 197 9
3 82 237 189
3 83 126 153
3 271 147 178
3 38 140 84
3 86 23 278
3 269 114 123
3 268 6 132
3 89 280 77
3 90 131 257
3 91 190 211
3 92 25 151
3 93 235 247
3 267 101 149
3 95 192 274
3 96 45 175
3 263 98 2
3 261 248 165
3 32 124 130
