3 208 297 273
3 33 39 246
3 103 127 62
3 213 173 28
3 108 154 194
3 114 120 237
3 203 221 220
3 153 65 227
3 142 90 19
3 141 4 177
3 271 26 129
3 96 147 52
3 185 193 196
3 167 197 77
3 241 251 66
3 215 151 158
3 16 7 232
3 204 93 59
3 74 102 207
3 282 110 182
3 25 254 81
3 125 44 31
3 48 184 137
3 295 115 216
3 164 82 117
3 12 45 60
3 259 30 139
3 112 51 191
3 248 202 29
3 235 249 130
3 242 287 68
3 72 298 22
3 276 171 47
3 257 188 134
3 106 113 56
3 265 2 101
3 149 262 86
3 258 261 214
3 162 20 87
3 212 23 98
3 89 178 183
3 223 230 210
3 159 24 172
3 116 175 260
3 37 277 255
3 285 190 264
3 11 148 69
3 155 250 176
3 49 274 145
3 136 61 6
3 126 186 15
3 131 268 92
3 43 198 71
3 111 100 104
3 226 132 244
3 288 163 292
3 293 105 73
3 156 189 157
3 180 138 239
3 119 229 9
3 181 199 284
3 27 97 84
3 256 143 211
3 128 266 240
3 219 5 76
3 123 57 286
3 35 18 279
3 10 218 50
3 95 252 160
3 21 58 275
3 150 118 217
3 67 174 165
3 201 1 267
3 124 192 179
3 121 14 144
3 245 109 289
3 32 99 36
3 83 107 225
3 281 140 195
3 296 233 79
3 161 78 280
3 243 205 200
3 0 133 41
3 278 85 38
3 94 236 247
3 42 238 169
3 272 269 187
3 3 146 291
3 209 64 168
3 135 263 299
3 206 40 253
3 70 8 166
3 224 231 234
3 80 75 53
3 228 55 34
3 63 294 17
3 152 88 270
3 13 170 46
3 290 283 122
3 54 91 222
