54 4370 860 5017 2456 4825 8726 5713 5942 2236 1828 4347 3325 55 9798 1782 6019 6137 8486 7159 8775 9033 1572 6882 3404 918 9508 5891 2347 7906 5138 9490 7401 7433 5221 8841 242 4463 9909 1818 6179 7008 9008 6159 1731 8540 1133 4109 7119 4149 1170 3051 7961 3807 2150
47 1413 1817 539 1192 1796 7708 6902 2151 6675 8276 7403 4858 5995 951 4940 430 3490 8820 134 8880 4919 9304 6599 2127 6698 4184 3766 8647 1695 5762 3532 6972 1851 4138 3060 9502 1193 9167 9848 5785 9154 5581 2756 4196 5089 2275 147
67 3729 2742 6195 2006 2743 5812 4002 4093 7165 7918 9434 2495 1386 1194 7298 2998 8302 5079 5227 9774 1503 7337 2553 4331 800 444 3151 6844 1748 4933 3123 9256 2312 1674 8481 7050 2330 7912 2746 734 5292 7540 3704 9883 6560 6773 1962 4537 1154 9529 1182 9651 2146 3070 2189 2991 1792 5111 3117 7505 1476 9785 139 4366 8517 8454 4995
46 3064 6717 4087 3600 1545 7123 7970 1171 1515 6102 4001 1112 6858 1245 5022 5478 3976 5493 6489 7583 4816 3040 3062 108 5684 3872 1722 8844 3317 8551 1021 9599 2718 7806 3055 3699 1821 1569 9407 2771 3723 5728 5960 957 6295 9948
56 4930 3627 7759 8937 7626 8732 3461 9460 5009 190 1650 6070 7599 5031 871 2231 9336 787 6214 9096 6823 6364 3372 8991 3660 1403 7639 162 5 8280 8851 9482 9813 5922 5890 1848 6978 7951 8852 3333 1188 9038 9923 6265 5473 3760 7155 3010 1276 2511 743 4802 5048 541 431 9953
55 5502 1762 6893 958 3450 3442 1969 4891 5417 6144 1252 8940 3155 7080 5151 7296 1013 4878 1232 3201 2233 277 7339 8436 1538 8135 5576 1043 3197 7414 8365 4823 3185 7836 5171 4941 4569 5852 6238 9731 2905 5599 3360 7 6061 821 7241 4547 3390 5190 6765 2026 6166 7284 9832
53 6074 5334 8746 7053 220 4389 89 8460 7997 2462 2985 5430 2599 956 8030 7359 8574 4058 1273 327 2850 4533 3234 6028 1124 5083 5895 3288 1640 8890 6174 1562 3268 2891 4169 9305 4709 8752 4271 4509 1447 5583 1337 9123 8716 681 8564 9473 2018 2716 8985 2309 7724
54 2601 4767 4506 5806 6571 2987 2731 2199 737 1668 7035 4957 8196 9464 3144 8731 8186 7995 4248 368 3213 8362 4503 6795 7551 1986 7883 4022 3956 683 5037 1873 478 732 6602 8546 6544 4960 287 7830 488 6898 7828 7404 2283 3343 2577 6947 5492 4115 5678 2672 5826 4465
50 7738 6352 9809 6263 91 5386 1455 9029 2621 6064 5755 2664 3421 3441 6266 6121 5025 6274 8394 6792 6152 5264 6830 5233 4434 9204 1927 2849 3221 6169 1175 8502 2610 3765 5788 36 7088 6715 4913 680 7712 6651 9080 2924 9346 1022 3100 553 4895 8338
51 421 2860 9074 2165 3780 9703 95 6095 2480 8072 6057 4836 9836 9708 9735 7750 2069 9221 469 513 4202 7096 7762 7902 9544 9164 6243 6809 303 4031 8861 3182 9474 1738 9654 1172 2307 2825 9079 416 232 6191 8334 9102 9900 1375 6749 7307 3099 3908 4581
56 2176 6052 5690 2241 4350 9003 8319 2416 7674 533 7237 7734 2622 3705 2396 1979 3722 554 5414 3633 6509 5705 9928 977 7297 7127 8247 4952 6524 2000 8132 9141 4445 8160 8220 202 4983 2102 8856 1839 691 7775 7633 694 7804 7099 8893 8340 6990 294 9022 3482 6068 7707 2714 565
61 7051 8187 434 2869 6781 8209 4402 8981 3830 5542 1065 1017 556 6786 6322 2602 3281 6988 2590 6286 7915 2488 6861 2475 3432 5339 1307 9427 8246 1935 1431 8090 8595 6337 9467 8130 4072 6486 5595 2363 3112 5585 5774 6691 6075 7195 9045 6177 74 3711 2591 780 4623 9105 1554 9950 3971 3122 2240 7253 1401
66 1381 6461 2580 1644 4986 2070 3128 1729 6303 4971 9555 2801 248 393 3644 7971 4832 1498 8426 3209 2224 8881 3425 7782 2105 947 16 1008 4954 8711 1433 3158 1891 38 7416 1912 3637 7527 8514 9007 1179 6345 5848 8309 8382 793 9143 2216 5675 2529 6895 875 8327 4275 3510 9571 1881 352 8242 7733 5279 1149 7463 2796 8179 8864
60 6457 7963 6541 6462 3275 3986 7171 4179 8087 7921 7482 2210 3157 8208 2289 7400 6991 6267 6060 8370 4914 1110 6774 9240 9688 8159 188 778 8971 9868 1465 9088 347 3670 2120 3408 3984 267 9087 1264 5900 3168 4155 4269 5182 6184 3744 687 8033 7376 5519 6757 9329 3901 8642 7128 9057 5075 826 2884
65 8505 5817 2326 9675 213 6208 320 2499 4990 1896 5606 1082 1384 8740 1750 8874 3354 5054 6004 2442 5143 9043 5555 7419 684 9441 7183 6783 65 8535 8063 4263 4948 3661 9541 2955 5411 2583 3465 1598 2687 2466 6625 1737 9988 1884 5969 2938 7313 7069 9252 6156 5925 515 1824 7528 2961 1405 3207 6395 6388 2548 4668 4473 5300
55 1219 1832 9526 6677 6697 3309 5795 2280 7539 6502 8116 9547 4773 5465 15 4292 2776 929 6278 6937 5253 9238 7196 2160 3161 3447 9667 2848 2900 3031 3664 8463 2295 82 5827 5412 8987 7263 672 7772 3789 2129 9821 1751 9021 802 7653 7847 8189 9249 4089 5265 4558 3918 1591
65 4194 5681 917 476 4999 9663 2417 6314 6955 2036 6259 4753 9111 1206 8419 7699 8001 2306 6890 9454 5195 1075 5553 7445 7741 3570 961 9942 5004 1842 4187 3200 6155 7065 7702 3931 5140 9293 5509 5461 9619 8992 5948 1607 555 1713 5214 9941 3009 5323 8998 7654 941 5877 2635 9158 942 5952 5340 6281 3825 3430 7178 6756 2805
59 424 7862 4216 281 2711 8452 4286 535 722 1798 1910 6451 6253 3839 3618 9576 7189 4101 2419 2043 661 9725 3348 1605 8482 6094 5807 3365 8444 5239 6483 8067 3095 825 6339 855 7837 9905 6892 5985 5771 3400 889 3616 1109 6780 1952 1680 9081 8600 8124 7285 4805 9107 6080 403 5217 5716 7079
56 824 8500 4992 7277 2689 5070 2935 2911 4759 8372 4813 6985 34 9671 6762 3231 1396 7475 2074 415 9561 4603 606 26 7139 655 2438 4333 9610 3621 4936 2384 1990 4332 666 1548 1980 1793 1505 4583 2031 7095 4736 600 5639 7523 1326 4327 6441 4806 7870 3530 6528 3015 7501 9611
65 8174 559 1780 7068 5632 1122 7246 4564 7340 6349 6533 2868 1907 2513 4416 5491 6657 14 6869 6841 9397 3350 4689 1246 6366 9567 341 8970 2802 5744 2932 3091 6023 7465 8201 8680 7561 6966 1857 3225 7946 3749 8705 9729 7809 2407 8660 8098 4632 1544 8795 1107 2291 3854 9344 1671 3143 2898 718 4923 1852 914 4829 25 3792
61 3417 4351 6097 8641 6114 1336 2116 4611 4708 6268 4578 8877 7519 2631 2359 1412 2153 1310 5572 5869 4674 6062 6605 483 8195 5725 2481 5747 2313 911 7647 8896 5559 8710 5356 2463 5800 994 4083 8320 1156 5805 9842 2136 8613 7585 5743 106 2901 1778 523 6960 4267 4511 9281 6478 5352 8344 1826 3617 3509
56 6624 8226 9065 3183 7826 6875 6719 3784 9892 8935 9605 2952 6695 8047 6092 8161 5677 5377 2061 6445 7478 841 4158 7753 5364 1953 2871 5172 4988 2880 64 5462 7980 4359 8468 9657 9548 4870 1011 7388 8094 1050 2818 6185 4304 8529 9408 8249 4809 7324 9794 6891 6087 6073 658 4130
61 4162 3655 4831 2790 7164 6655 6350 9463 8857 8002 6693 7761 2990 7644 1686 3291 3516 8847 93 6857 2270 4861 6432 2221 8885 1044 6912 7477 2228 3427 1321 7209 2440 7646 8718 1159 1472 5251 365 5612 8109 1018 3319 3140 1559 7151 3819 6662 5916 1575 2460 418 6845 8717 114 3154 400 2409 4180 5479 8230
64 6167 7212 4673 6931 2633 6984 9493 7048 2493 3271 280 8832 3299 4886 1802 9203 7555 2659 4749 1676 7632 6361 412 8557 8547 1970 7168 3878 1753 8528 3345 1409 7535 6839 8879 3455 5278 8770 6849 3747 8827 5488 8969 1655 3648 5532 859 1602 9959 9291 2370 3489 2123 8050 6458 9294 8279 7301 5422 1406 5714 4551 1 5241
54 2526 5621 4597 6455 9783 5296 450 6584 6612 7161 6393 6250 8289 4127 6519 5319 8811 5163 6297 6737 9409 1283 7242 1727 1568 2921 8860 4410 861 558 7251 9999 3120 7668 8994 636 1549 9864 3094 6025 6232 9764 8579 2651 2173 4287 6652 5987 5371 6241 293 479 3818 175
47 5961 7113 637 8304 1694 3590 1067 3296 8624 1561 5921 6118 856 7440 7264 8526 8378 7173 6311 1290 4626 2348 5034 6261 7204 9897 8170 1864 1041 9435 2585 8403 6298 895 5527 8244 8658 2086 6804 9277 4205 4774 5458 7163 8573 3190 3787
67 9066 3454 9606 3687 4124 2648 7903 6492 4289 6468 5407 5235 827 8141 1556 4679 5018 1349 7965 5063 154 566 7640 8113 2646 4490 7793 3977 4361 2230 1292 211 3038 9838 1860 3332 2936 6104 8780 2145 3973 6512 3295 7489 2918 4114 4507 9624 5448 2542 7448 305 6603 5437 2025 7868 8166 2589 9244 5669 9077 5727 8464 5331 4177 7357 8477
52 7634 945 813 5813 8119 1083 9128 1272 4472 4060 9585 3244 2017 8837 1725 3072 6296 3895 6083 3646 5086 8939 2914 4731 9357 1883 1512 893 8952 3076 2433 858 174 7911 6306 2708 2139 5480 4770 2374 4144 838 608 6328 2545 9084 6383 8255 1114 6498 4656 3793
65 4237 8727 4635 6463 7544 2349 5357 8651 9132 4147 3957 8604 504 8054 9278 7070 3373 5433 6568 748 1132 4272 7511 5444 75 922 4677 4483 6992 8303 750 4846 8292 1756 5881 3322 3929 719 3904 6642 2523 3672 848 7488 1144 7071 939 2467 7194 1099 8913 776 2657 5720 3735 9207 8652 237 3769 3092 3005 7799 9284 965 3534
50 2970 1582 3196 8990 8743 905 3937 148 3601 7158 1688 9036 2205 9130 4579 77 8014 4585 6378 4845 2642 3942 7935 1434 350 5940 8456 4760 2470 8269 203 6186 3833 7457 3899 2095 1048 9829 1586 300 1379 2121 8039 6108 5148 7172 9375 9187 6914 7813
55 4499 2947 5809 275 4311 2196 4301 4799 4546 8779 4953 6043 7664 9846 7469 3453 8654 4460 1692 5992 7227 2365 3337 1964 1965 3639 193 5500 6141 8997 7472 6101 4641 7074 7435 3342 6995 4225 351 9419 3305 8709 9791 699 3933 6115 7190 2976 8646 8822 4470 2418 7405 2686 5568
62 3573 9186 8597 3195 7954 5378 1353 3642 3578 1427 6819 1449 6085 7439 4341 2206 2763 2028 4807 6386 8947 8432 5719 3593 8390 6557 7192 8216 1101 5876 3077 8167 2971 52 6310 6867 9916 1293 4907 8623 7094 8929 6521 4185 7142 6993 9625 8948 1665 2612 9301 3167 9315 5011 2630 3133 3204 9176 7573 1454 1185 3856
66 7947 4299 4106 9631 6810 3111 9636 4744 4426 7456 9020 4857 4485 2117 5159 8360 4157 948 9859 9160 7091 5667 9672 6745 1524 5027 8115 4150 1807 4525 1440 8569 2559 3541 2521 2445 6539 4438 7162 7057 857 8554 2883 2843 8345 7737 9368 2190 5498 9082 6601 1642 4159 4780 5959 5784 589 8082 3531 8932 1071 9442 2271 4153 9620 4443
56 2431 5197 864 6228 4466 4593 2588 8078 4413 9253 474 1034 3663 8055 4203 8127 9552 4559 5915 103 4019 3522 2474 870 3292 1894 1687 9056 160 8415 6666 328 1093 3177 5855 906 9014 9068 3379 5736 9150 1808 9714 9676 8138 5000 130 6500 3778 4009 7144 8959 8581 8120 9886 9996
68 1279 4035 5941 1521 5118 3114 9908 3428 8497 807 5578 8706 1184 9446 2217 4023 3632 3370 5630 6053 1863 968 9505 4405 9797 3563 9041 8410 9306 8471 9992 5973 615 7754 2459 7867 1103 2948 773 3539 6950 2377 4601 5230 9332 5854 3574 5661 8961 6671 4997 6283 1914 9356 1814 767 4305 2124 8192 8664 5906 8446 1439 5094 738 9171 1064 1278
48 4851 4850 5467 8592 3399 98 1903 511 6794 7917 8905 4661 8867 9891 2913 3395 5194 262 7497 3186 7635 7700 4942 9392 2817 6727 4028 8061 9005 4131 4412 7040 4864 7933 9557 8391 6876 2214 514 6824 3757 2185 8903 7743 4820 740 6293 6790
56 5945 4837 5718 6440 534 3086 2582 8983 3997 638 9795 8046 1258 4480 6894 9060 4768 2394 7083 7956 4739 6291 335 1317 5870 4406 8629 9224 884 8284 8008 8807 5343 4000 2839 5104 2184 791 3667 99 8103 1977 8207 6415 715 101 1304 2050 8882 3885 2915 4388 5318 282 6276 7130
63 4051 2258 3842 4256 9600 2752 447 3415 5101 57 5122 22 6787 6246 5638 6543 8405 8957 8071 2352 5648 3752 9653 4214 7391 7769 4811 2367 2244 7369 7023 8556 2736 1492 7693 178 8628 4890 225 3194 4395 1937 2654 9501 8407 2740 6575 8268 2524 5098 2415 1712 9781 2079 7876 5259 8538 464 2251 3260 5050 6634 7569
58 9223 5174 7283 3684 4795 5383 1795 1448 43 2563 2128 2576 9879 2482 1790 231 6437 9799 9889 1647 9402 2222 4209 1037 1358 9146 2452 5665 4615 2709 3052 1402 9054 751 8808 7290 8789 4784 3625 4646 9551 1365 5260 4707 9521 7230 7007 1987 3955 3686 9471 4386 2781 2064 7617 3335 1088 5913
63 6401 5939 9682 9289 4326 2856 6679 8274 2625 6654 6558 2632 8137 3598 7184 4430 4616 3048 6370 3910 1578 3126 7470 3737 7287 4128 7910 6330 4840 2684 5609 1899 9263 8655 9201 7774 6249 4574 8568 7521 58 3486 3103 9710 4538 1606 2794 5862 446 7321 2531 3214 9268 2249 5328 4217 8883 298 5211 834 1236 7672 8022
60 8146 4926 3643 9322 3253 6569 2465 570 9661 6491 4644 4141 5918 4600 6285 724 2239 8694 2322 2392 620 5033 5970 1649 1882 3406 2406 9101 2458 9626 1975 7496 1334 2172 8224 9628 3104 9984 3286 6941 3887 9927 7261 7103 9685 5514 4032 4373 8662 5999 4384 7215 6439 3184 4306 8512 9804 9314 2774 521
65 1967 4075 7395 136 9787 7619 493 9266 5014 78 2674 5905 100 4557 6959 7660 5358 4898 674 5315 4815 9237 7041 7185 1262 8049 7218 9990 2927 4046 6151 8371 6 8781 3405 3448 6433 5998 1657 8518 2021 7858 8963 6848 296 4449 3456 7061 6917 2907 6304 3132 5547 5836 18 3241 3269 2997 5291 6142 4423 2029 8698 552 6734
64 6597 1816 310 9288 5438 1963 4865 3330 5274 8291 9125 2432 4911 2298 7895 3118 5024 2688 5161 8433 8620 9512 1015 7745 4512 5837 4648 2984 9393 8633 9627 2163 1787 3187 3811 8519 9882 1885 4696 8739 6692 697 8332 8782 9299 8354 2483 7773 7111 2259 5993 6942 8203 592 9298 1136 2261 4459 1904 1086 192 6775 6032 7032
45 6887 8234 9679 5735 2297 2225 4288 8144 9481 4909 790 5403 6536 3347 4963 8967 9727 312 4082 2741 5184 1951 8537 7780 150 6340 8355 5244 696 8919 5483 3511 1478 4860 8042 6761 9124 6659 4392 5455 4937 8121 4566 7953 933
68 2650 9448 6865 4125 4996 3806 2700 2369 7988 7850 9202 9728 3328 795 4690 4609 4737 5204 7705 7108 3242 9877 6981 3259 3212 2053 6487 7570 1382 2917 4874 3443 5363 2838 9233 2888 7823 492 3107 5910 1332 6425 1253 3584 7438 1016 1045 8610 9360 4371 3960 8605 7763 3352 5423 110 5487 2600 8553 1868 1599 3738 172 5611 9861 4726 9260 1019
50 8934 4067 9697 2453 2811 9246 6308 4998 8805 3925 8582 7579 2161 9586 3098 9745 8955 5533 585 3105 8317 2372 2083 3249 2859 8787 831 9693 7929 7182 3847 9170 9556 3538 9607 950 9630 1479 6585 2227 4171 9388 6499 449 4877 472 3364 8283 8801 5193
62 8084 4135 6082 2340 1490 9412 4424 3152 1118 8191 9461 9602 8238 2922 6971 205 3581 6846 4475 5484 6201 2314 8700 796 4340 7739 1865 4102 6353 2581 8862 1815 2464 2486 7153 3208 9469 2528 5590 2183 330 7039 6292 2072 2332 3669 2355 6604 954 9217 3612 4432 9584 9216 2328 8111 7076 3828 7749 543 9122 62
66 9674 2766 4786 2111 3941 8185 8089 7468 1804 8035 7534 8560 5385 3223 2471 530 2318 4274 9365 3588 5841 4535 8428 759 7318 1948 4012 5825 5289 7960 3125 4189 7848 9259 5170 8003 2878 4884 9852 9172 1871 8878 1306 707 7089 2628 5449 1330 5518 9376 1966 6248 7638 6493 8819 2894 4978 3514 4643 6949 8440 8591 2200 9457 6729 3767
62 8850 2916 8029 1123 6406 1877 1005 3277 7558 5996 7114 6672 3451 8828 5505 2980 322 8318 6055 5271 1639 3274 2730 411 4230 1211 6410 8 7787 4888 8499 5558 2055 8110 660 2266 2827 2177 1527 7317 7426 3414 9444 5095 2562 8699 3790 4354 9126 4310 5293 8393 3471 1301 3855 8751 8045 5531 3336 4462 7006 3411
45 7175 2958 1051 1254 3131 9523 3129 2427 2527 9998 3250 6925 2540 6987 501 755 2982 9420 1090 3688 5463 9894 1929 9374 8155 2787 3820 7770 4276 5658 7532 7244 4959 7234 9786 931 1555 5850 4318 9239 651 6371 4262 1809 572
63 9300 8976 934 8080 916 1654 9922 7214 5199 1000 7233 6359 9790 6547 118 2276 436 5431 3975 379 137 7075 6131 41 4893 5860 9190 9775 183 9151 735 4223 6735 7589 4136 2056 7136 601 2720 6956 5249 3994 4642 9210 579 730 6332 1195 8649 6523 2001 4718 7701 1714 5350 7060 5351 4247 8513 1850 9429 7115 9696
53 1399 6594 7503 1392 2052 5200 8626 7529 5466 7090 9121 7509 5640 6343 4133 3080 8803 4964 8057 6852 8692 3110 2533 9542 9734 9642 9808 4735 222 8615 4116 1701 9456 2715 1466 8681 8188 8052 5834 6048 8566 2444 7437 3595 3210 8048 7816 5971 7354 9650 8465 8493 73
66 5930 189 4920 6058 7732 6187 2797 5920 1552 2448 5966 692 1092 1166 7525 5537 1500 8315 2821 6079 331 9763 1875 1785 7800 1892 6149 4215 2207 7992 2889 8865 7294 6407 1181 1901 3914 7571 8480 8081 6772 2208 2618 5818 9089 7412 3693 2399 1027 2968 8603 3988 3715 4700 5582 4875 7384 4792 8666 406 6593 924 538 5821 2950 9449
66 5512 3599 451 1311 6640 6355 6411 4036 9334 8906 2613 4429 6001 799 9431 5310 7944 609 6127 9721 5395 8515 314 5844 9476 6029 6754 8545 8960 4313 5932 1747 9394 8634 2822 4091 3690 690 5967 39 6503 7397 4435 2311 8339 3066 8938 5539 9437 2892 140 9970 4967 629 7584 4897 7028 4156 4052 88 144 475 3429 4777 2119 925
63 8552 1888 2402 4065 4495 7431 590 4201 3980 4652 7138 2132 2945 6753 6948 2263 632 9229 5647 9881 4221 7880 7104 4037 1609 1519 8656 5984 8296 7781 3549 6200 849 5896 717 6367 8758 9634 7796 7444 37 4670 2808 5446 7716 9053 5384 1363 7377 5776 7257 9875 7167 4598 4041 7013 1902 9515 6479 9568 506 8543 8750
62 7938 5088 2155 1347 3712 386 900 7371 8977 1473 5908 7270 6173 2073 6567 8285 4633 9309 7606 4414 3874 7637 1201 7026 2027 4590 356 3279 7950 5312 9359 1535 882 6476 24 92 872 8636 186 7755 6822 4817 5822 3597 8783 1489 2954 2005 4981 5225 2779 9350 8777 4298 5409 8282 3053 5069 6587 438 8909 9550
62 1248 2739 6380 7756 5477 7012 3216 5620 3671 1285 8501 3173 3770 1371 5495 7643 3171 7979 3047 9986 9870 8536 5857 1704 1878 481 8038 2627 6474 4143 4324 8322 8630 9499 224 6331 5545 8733 8064 8826 6836 3310 1801 239 3334 1994 6815 3239 1723 209 1711 498 7004 5105 6229 1763 3369 285 9351 1939 3921 3506
64 4752 6098 6711 6035 9532 9637 820 4482 4882 4640 8854 3585 5682 117 8395 1697 3591 7703 5220 4839 8637 1063 5712 5501 7504 9183 6134 6687 8164 1749 5222 1284 9824 7466 6504 9363 617 5695 6251 9917 8756 647 2487 6637 8143 4478 7514 2669 9236 3287 1717 3068 5215 1813 146 6542 3761 6129 989 9825 7381 5521 5062 295
60 6582 4319 4118 8175 3972 9616 7249 9979 1141 4519 7265 564 8823 3262 7216 1827 7791 1116 8406 6850 4801 7687 3238 5348 3911 2597 6446 8357 5176 1039 3473 577 6699 7842 9646 6135 6444 1985 3800 245 4553 9258 978 4396 2606 7347 8466 8473 2122 261 4242 9257 3930 7560 7598 2204 6429 3864 9245 8425
68 8814 4240 2434 6335 1117 6424 503 7044 7835 6219 2232 9973 5763 3676 4695 7045 3041 9533 7860 4178 4342 1469 7829 7641 290 3312 6589 4545 5362 5765 9241 649 8902 5991 8333 1488 4982 499 7024 5603 1930 3868 8872 1316 4617 3906 2679 6050 6334 7623 9247 3939 2378 5586 528 9581 7582 8974 5958 5608 557 7002 2896 8122 6495 7587 8225 8504
52 5071 8676 5367 6791 5026 2719 2247 1072 6900 5201 4828 4610 7604 7520 8069 4977 9747 5353 7671 6197 926 1656 6081 6126 7154 2292 4440 3314 7941 700 8914 5694 6630 9270 2411 8491 5783 2382 6583 5440 2371 2685 8326 374 7084 8459 7467 7072 912 1776 584 1106
63 171 1291 5280 2285 3468 9381 4843 5649 9963 6982 9874 8325 6522 7269 6059 4186 8368 5496 6860 5178 5937 9209 754 8962 4991 3329 3710 4073 9062 9944 2753 8561 876 1529 3438 2182 5267 7473 6039 1364 5642 9023 5229 2665 4576 6275 1940 9487 8099 2436 2733 7308 5109 8725 727 4411 8328 6333 3232 3401 253 5149 2959
44 7725 2643 1696 714 4273 7542 9 8590 2518 7047 4235 6225 1026 2338 4880 132 4474 1355 9069 899 3001 8168 4584 9931 2512 2430 3840 4747 4931 396 473 2408 2836 3982 7280 7176 3162 646 5670 5550 3248 2690 6264 2404
46 5093 4076 6997 6916 23 4951 2737 2750 5206 7129 2126 9387 4620 6017 4520 9880 7304 544 4228 8102 8767 2198 5994 9002 4664 6313 3848 4195 4666 9380 6782 4754 7245 3540 7093 8973 8286 221 2164 7538 369 9452 9995 5840 2245 9108
53 1368 9537 9670 2501 6789 3449 3739 1094 167 2962 8294 4586 8386 4614 2647 236 1372 8313 1270 3389 1557 6218 8171 569 8891 6970 542 494 5283 9032 6093 6031 4048 8813 7310 5103 4629 8359 6837 742 6481 6459 9478 2673 4536 206 1956 7726 7460 9632 7998 663 5370
54 9855 339 5775 1001 9001 2964 8083 8095 8802 8479 2142 9655 7553 5760 8899 962 6926 8018 9802 4097 8485 5471 5243 8571 2782 7223 6150 8926 8075 5330 6133 6290 9761 6123 4486 2666 6273 2788 3640 1197 8812 2851 1089 1160 68 6112 9015 2607 9161 9983 1031 7978 7319 7715
65 2386 6270 4227 215 4592 9366 7937 3500 4724 6833 8129 8331 6506 8190 9468 1199 6586 5873 6705 4297 4437 4174 3822 7729 9843 2941 7888 276 387 6946 5078 6973 5717 5588 1370 5359 1167 9086 728 5165 4682 8217 5601 944 4790 4741 1294 9415 9732 7990 3222 5864 4750 217 5432 2608 1666 1241 6138 4270 3165 9810 4314 8525 6755
53 6327 6212 8323 2154 1227 3176 9070 3607 6284 4871 2682 4282 6610 7150 6676 6287 439 3870 3741 4987 7366 4678 4883 409 733 2096 3349 5739 7102 6825 5573 3987 5791 720 7452 7722 1743 8875 3696 840 1773 3436 2994 7236 4233 7815 4657 1049 5443 346 1208 7878 6417
66 2051 2008 3706 6622 4258 3565 7713 7034 7779 9618 9488 3049 9911 3504 594 5158 3093 935 1806 7853 5683 4899 2023 1973 2354 6878 4427 2660 1202 2334 7206 3088 1080 255 9939 2519 1104 7232 9952 1615 7744 9664 7240 928 1641 3803 3928 6456 1459 5373 1558 2137 7735 7869 7275 7931 200 2254 611 8858 8650 1550 1029 5360 8945 1458
65 67 6909 5602 5344 3058 345 9588 3218 1508 7427 2609 5016 8747 6416 1400 8818 2345 2728 7259 6872 247 5125 1320 1890 5320 7432 3993 8921 1862 8749 6979 4132 2317 9878 4903 3934 6170 654 688 1329 5796 3512 602 3654 8730 372 3969 3542 7866 9736 6507 6363 5374 7332 3810 6842 4812 6709 8619 5177 1420 9779 3798 7341 2571
64 702 1098 4220 2171 6164 8023 8231 433 7972 7018 5316 6226 7506 6076 4339 6136 9413 996 5123 5858 6341 9131 2201 9355 2004 8341 1772 904 3485 1643 5381 8908 9049 7957 9980 3950 4841 309 1079 8086 3483 3719 3845 4250 4894 1390 1677 1630 9361 6041 1754 4121 6105 5823 2496 6600 6929 6716 9335 9601 5733 8889 455 5238
53 5189 7840 1532 5157 9845 3860 6409 2090 5520 7451 5021 4521 8773 8350 265 4687 643 5644 1351 8541 9851 2303 7803 9770 3410 7575 6240 7484 2713 1845 927 1046 2299 7833 7098 4111 4630 2866 8644 850 4541 3246 2840 9510 230 1526 2468 7037 6069 7336 8448 1404 1610
60 9391 7609 3985 4321 109 7166 4560 4505 2675 6596 4399 4154 1502 5565 3371 2912 5856 869 3011 7207 1218 3412 7696 3891 7890 8778 3945 1874 8399 2877 6510 9594 7413 8768 6843 6490 9135 4961 1547 6215 8632 8524 3777 8125 3254 5451 5636 3301 8010 6743 2281 2614 7274 7818 8631 5726 4863 4686 4008 4522
57 3339 5347 3566 9396 5650 1164 4855 2793 7443 7896 2680 5629 7036 2094 7372 2572 8829 7106 4528 769 5427 4236 5130 6779 8708 3059 4684 338 3678 7420 313 7752 6494 6006 157 7615 250 4232 9522 6252 6712 5396 4562 5696 731 2751 6045 6759 6728 5556 2253 2758 8487 9198 1735 8531 458
68 3533 5997 7679 2484 5365 5213 42 1282 1525 3119 1624 1653 4441 8925 4771 2112 6921 5979 6646 2115 1993 308 2619 5282 2930 5276 9769 3662 2087 9103 7510 124 4968 5853 263 3802 3582 6730 5281 3316 7406 7596 2620 7422 8614 2863 4295 3587 862 6348 6771 9119 5345 5108 6999 4901 3559 604 7697 5904 8074 6826 7330 7243 5387 5931 2479 7358
50 4393 4639 6649 7533 3050 581 8245 5288 7891 502 9384 9691 2049 1280 4842 1288 9788 8117 7628 635 1721 1129 1786 5005 6449 2992 3720 422 1685 536 5234 9615 399 6305 9716 8324 992 9933 1794 8202 2033 4011 4070 1231 1673 9854 6484 1533 4362 7771
59 6109 8073 593 1646 6667 6180 7642 9117 5689 3949 2873 3961 9513 4210 1322 7078 5137 9137 9192 5181 5273 7011 5814 6859 4561 4268 512 8577 6552 5828 4693 7288 7228 7494 8343 3629 3675 8131 2596 5297 7311 8871 1540 5236 7730 8532 6011 7945 9748 3252 4323 6198 6784 2755 1719 7226 6928 9078 5126
65 2895 2762 3106 3153 3550 5793 5418 4056 2653 6257 3362 7344 7293 6010 3952 6381 1563 1917 8639 5481 3837 932 845 8845 9702 1471 7711 1507 4446 6077 6940 4142 4302 2391 7670 6199 5974 2067 6546 7334 9722 4090 1870 7795 5912 1383 9904 1450 6147 4958 8712 4756 168 9755 9833 9839 5401 9525 2615 9483 3571 2644 7690 5179 6120
57 3025 8738 1504 9796 1834 903 1495 3344 3323 1915 5321 4516 5614 8134 2327 9899 5769 84 9641 4375 8663 4501 986 1911 3082 4881 6776 7515 3026 2515 9934 3202 5080 6840 2441 107 5732 5404 184 1480 6660 6580 4692 6907 8051 9182 2264 520 3940 1682 8152 3912 4808 9184 4725 2191 5298
66 9698 7710 8916 9494 6611 7349 9227 8616 7969 5643 3079 621 612 9188 6704 61 2246 129 8389 7491 8912 7907 3142 6525 1595 9801 9200 8601 1924 567 7817 4751 6346 3916 6638 6617 3290 8221 3700 7621 9700 6505 6812 1155 3799 6967 3863 5107 3024 809 3042 185 4966 5469 784 8070 4571 6930 5965 508 8108 2220 3056 1830 6936 133
60 4975 1228 8250 7052 301 3385 8385 4683 936 7556 5934 6242 1356 490 7020 2814 9403 2054 5150 8594 8846 3089 1683 6879 419 6235 7922 9352 6190 9609 8329 822 6485 7512 1670 4591 1265 6556 6750 9136 5968 8721 4257 3553 4260 5072 744 3602 6706 1343 4025 417 3384 3134 2663 7107 2103 6262 8411 9719
