16 8546 5070 6813 2662 2760 4242 7794 7840 1780 3547 2624 7052 2825 51 5198 535
21 5919 498 6066 7144 7630 9640 7062 1823 2958 5432 344 8333 7801 3243 4616 1242 9177 1127 7427 3618 3723
23 1789 289 5639 9183 5602 4759 5283 1389 8431 3789 3727 8516 8467 7247 858 53 5475 4719 7991 5121 901 7968 1935
24 5593 8471 4496 7003 2514 4247 8580 3189 179 7764 261 3854 1628 3836 7695 4522 1003 6844 7946 964 8043 1483 9126 143
20 384 5509 9406 7947 7487 7593 8642 3536 6025 4996 4183 7783 4335 9443 8623 3171 5524 6700 8778 8345
23 6600 5840 5877 96 5830 1784 1241 7281 2156 7353 8169 5647 7111 3259 5876 1329 3898 2868 1822 1425 9834 7261 3733
18 3161 9253 7560 9777 4876 8694 9275 8657 1104 5863 7259 2024 5648 9221 2734 3503 8443 4116
19 4948 2729 1358 4738 916 1915 7010 6033 1824 4707 9762 2692 7806 4620 8166 5531 6339 1290 9909
24 7600 9642 8452 6642 1435 5823 5555 9080 846 2358 4246 1649 7240 2138 3812 2210 6972 3627 9596 1043 7983 7537 5588 242
22 8793 2630 8910 822 3897 1283 5183 8121 7401 5220 6955 1498 7042 3941 8226 4189 681 1575 2597 1718 7289 2840
20 9985 2933 2304 8031 9716 1434 9582 6931 6530 181 9615 8839 4474 1092 1472 3929 6981 2301 8453 7307
21 1269 7672 1976 8009 8498 2605 1814 522 1637 4542 6436 6055 1120 7337 3587 2394 2273 5889 8701 6444 4700
22 1427 7330 7224 9175 2152 153 8750 2572 8558 2268 2505 6037 6082 6709 909 6993 9942 628 3378 9997 6433 8154
20 4065 3227 5955 6689 776 1362 5521 2835 4790 8495 6176 8050 2516 5731 3653 4864 2475 6853 954 7311
20 8433 8035 3454 774 7544 7295 1352 8384 8683 1239 3880 7032 2980 1195 4498 1658 2370 7624 3883 1599
26 2269 8204 5793 5199 6265 2035 3396 8527 9842 3012 4739 4912 9797 2588 5264 6253 7638 5007 9365 7644 9590 2666 4305 8120 1055 3184
17 7891 9829 8879 6473 3640 3052 2399 1113 5267 512 2417 9748 8556 8838 4275 7304 6302
16 768 1094 2587 5693 7214 5816 3979 4373 6371 5790 505 371 8295 258 2211 6019
24 4523 8194 4460 4439 3206 2731 4960 6216 8019 1006 8171 8316 6926 9718 591 8185 1404 4632 2460 9239 4188 472 3703 1542
21 8599 6046 4263 9232 694 2094 7375 4517 2336 4407 8221 9 3215 8320 8091 5925 1150 7074 7615 7290 8069
21 8679 1707 4405 6478 2329 756 6128 1838 8249 2741 8287 8208 1659 9678 4681 2772 5923 5331 1881 1380 336
21 908 5380 1240 1518 8277 793 8325 374 6384 735 8963 70 1572 37 5002 9431 3386 7241 7976 5978 5616
17 5307 1088 8534 7966 5962 4409 2964 1982 6755 5671 6611 7165 8866 595 6936 2450 9129
16 807 2162 9944 684 6389 1853 6737 4418 9608 3537 1229 6325 7688 2806 7705 5977
20 789 3315 1243 9315 8962 9382 9462 804 2200 3399 7937 490 8665 4351 9142 4551 611 3771 1958 5988
20 4836 9147 1968 1400 8304 8841 5021 17 7897 5088 2816 5322 7354 7664 5053 9522 7161 3107 5551 7878
20 3272 2677 4758 1301 8388 65 895 869 5689 3768 2054 3405 3237 1906 3643 2873 6919 8523 616 5190
22 2308 762 8743 1800 1280 9837 2221 2638 4953 4592 7322 1961 6234 4479 6467 3563 8939 2985 5068 3780 9796 7589
23 9579 6531 6226 7987 655 7479 9953 1036 9292 5434 4998 8090 7112 1577 2730 6798 9017 2534 8398 6317 7718 1929 2609
24 1821 8097 4436 3106 5303 2863 9398 2641 897 994 7982 1715 1548 9427 3023 5145 7 7046 925 8014 3283 7642 8424 3741
26 5245 2070 133 8260 7186 3308 6606 4050 77 2673 1941 7400 7967 9290 5055 2458 7772 7124 2728 2028 7981 4240 1360 7820 2650 2373
23 9055 1882 506 459 6167 6680 3581 1691 708 4429 9307 8712 2745 7745 456 7099 366 1781 5785 1187 6351 4103 5144
18 4419 1009 1927 1864 4713 2533 7534 6212 6859 7136 7225 301 4201 4716 4013 9056 4545 4308
24 2171 7757 4906 9099 6787 8487 8796 6728 8108 1467 3058 6498 7828 9634 9704 4271 4603 2449 4434 6070 5247 2606 8540 8251
18 1216 8549 5490 2283 6899 8946 5544 267 6432 2569 6830 1202 2948 579 6349 559 8877 8332
22 8929 2050 9076 4812 8852 171 9199 1448 3344 972 2490 4995 5574 3706 6890 1071 1279 9843 6568 4473 8957 6241
17 2191 9385 3964 8218 6696 1219 2366 599 7841 5062 2905 3552 8480 304 5010 3892 690
26 2981 7142 1538 4251 8723 345 4869 2529 3628 5956 1710 6347 2979 7223 7698 9097 1185 8741 2746 4841 201 9811 9334 1446 5046 7405
23 2359 634 7778 36 2215 1588 6897 2636 5939 1249 4007 3441 1948 6289 546 4527 3661 8242 7751 5672 2097 7979 9350
17 5914 7854 6134 1479 2959 8426 5170 597 3027 6738 8627 8254 1099 393 8275 79 1939
21 211 8812 9848 4944 3586 3376 5525 6891 3962 1578 392 5929 1516 6079 7970 1622 8017 8789 1366 8663 6250
23 7662 435 6616 2082 4847 7930 8755 7869 3790 7847 357 1977 1684 466 145 6551 2671 4898 5029 1510 1277 9396 7356
23 3689 2523 3385 4932 2842 5733 3670 1987 5131 66 3123 7935 7634 199 9293 1567 1623 8738 5752 5581 9958 6685 1788
22 3739 5178 5807 770 3652 5808 4174 2323 5534 4955 2071 1677 26 8997 8865 3630 1669 850 7996 1952 7123 6650
23 2812 7811 8692 9338 8143 1093 2632 1504 296 5796 7964 4227 6452 1405 6095 6266 8168 884 167 8860 3994 7219 5354
24 6129 8430 9208 1044 2787 1947 2201 9075 7128 3853 373 5209 7742 7566 6908 1493 2086 286 5763 9922 9354 3279 188 1858
17 1015 7152 2474 4886 2834 7518 8258 8935 5633 6980 9059 2911 7904 9531 2544 234 6093
24 3890 6146 8024 9182 619 297 2559 8311 5207 4776 7437 966 2030 4443 7517 312 1373 3815 3010 8525 5775 2307 2698 7586
22 8982 495 1492 9013 3846 4578 2003 9454 5356 7606 270 346 5645 7781 1972 217 3712 6145 7460 9766 7310 8414
24 9519 2246 4134 3247 1408 4607 3796 7758 1345 7221 5994 3800 1885 1962 6337 6100 6754 6773 9597 3576 2064 406 805 4600
22 1560 4991 4689 1176 9887 3438 6085 6449 1596 7250 4791 5288 4814 7550 8771 8400 1801 4610 8255 3431 6185 2628
21 6222 2684 2204 2083 4883 8650 8991 1482 601 5271 5730 8020 7721 1582 4403 4945 8336 859 9430 9661 7264
20 4629 6181 9578 9291 8161 8158 5163 9924 3429 5804 917 4366 8608 4202 7950 5874 9501 3128 8825 4054
24 8290 9770 5707 9271 9211 1300 1552 9592 6334 3996 7272 5165 7071 5395 4319 9465 7495 6957 7317 9434 2090 911 3762 4799
20 3751 4303 8240 4152 7243 8193 8092 1199 5393 8500 7316 7831 7723 3577 6904 9131 7303 758 2968 4931
18 6293 2342 5102 5362 5479 2586 4356 6621 6117 7334 2202 4624 6435 7419 7978 3359 7834 9317
22 2851 7643 1270 7556 3375 6649 1469 1991 890 7754 3326 6896 8953 4804 9929 1318 2763 5397 6935 4215 2318 2886
22 5147 5717 2282 9729 2761 9095 3919 8461 9708 309 9180 714 1082 9896 1343 2818 6194 1744 5339 8002 2257 3571
22 2481 9205 1098 266 8837 8636 6078 9753 3794 1392 5527 8407 8533 4165 3345 9277 205 2010 4993 2592 1134 1705
20 437 6578 985 1884 5258 3551 3522 7940 9703 9841 564 9764 6294 7258 7181 5044 5370 9850 7496 8762
24 3693 561 6237 3535 4326 4981 7038 7785 4929 3610 4289 3159 525 635 5449 788 5460 5162 2595 5587 5149 5280 1760 3480
20 6150 7911 1899 2654 5185 656 5930 3511 608 4762 1173 814 5336 7481 8893 3098 101 6084 8552 3792
22 7239 9083 8308 5014 9898 1719 6910 6106 6398 9340 8401 1551 2943 6211 2733 6374 6661 6992 1476 5399 8606 5286
22 6076 4228 3992 3083 1919 182 3451 8145 568 2421 1001 5469 6970 2461 4562 4392 4640 1375 5159 49 8907 4127
18 8245 3540 9463 4182 2078 3354 9073 5300 9198 215 2495 6866 4779 2392 6594 9387 9739 1064
23 5705 7713 6112 1558 2272 3125 4871 4621 3266 3879 4678 4019 4902 6363 6097 5767 9573 2789 4220 9467 1141 8126 8337
20 4559 3257 3456 6741 7472 999 3886 5858 5619 1074 1549 195 5784 7260 4692 4442 1327 2011 9439 1878
27 9048 2337 8217 3485 9654 4982 5515 1416 1920 8567 9407 7184 7724 5592 7626 4497 4486 449 434 2372 1158 9157 1147 5797 5398 5111 4193
24 1676 9585 8359 5388 7690 7302 1153 307 1095 9027 165 8352 1437 7507 4723 8592 1526 4631 861 927 6014 2521 4962 3042
20 9999 5232 1765 2319 1228 4441 6664 6344 1873 3521 5115 4747 9308 8802 9689 9437 790 7892 7719 4252
22 1016 2865 7880 6020 5440 6178 7377 2173 9576 2522 7591 9532 8645 1759 6954 4239 3080 6257 504 7035 8941 3265
22 4390 9973 9143 711 238 3791 6227 9879 9747 1585 9779 577 4398 404 5103 3162 9326 5759 86 1940 3837 4568
20 6208 7454 5732 8774 1374 1115 8068 2896 839 2953 1979 154 5787 6827 9979 834 939 5508 54 6242
24 3767 2402 7090 6589 4565 1397 6235 1057 9328 9912 2899 3177 5427 8428 9556 1152 3911 4554 4129 6007 2583 2550 9525 9404
23 6647 8947 3686 2498 3264 9624 9351 8132 2192 3160 593 3804 5629 8060 8286 6951 9667 6997 5505 5788 1928 797 3289
13 1194 6499 3296 2619 8064 9289 3588 2815 2136 5652 9721 455 5597
20 1118 5563 7446 8970 5248 720 7669 5512 2974 9309 5782 1124 7392 8749 971 5485 6051 443 9639 5084
24 1751 6630 4808 1766 8861 4204 6948 9545 5468 2809 8476 3819 4785 878 3950 3857 1722 9417 469 3305 1966 6492 7348 2983
20 8119 5326 4453 1047 6869 6809 4154 5973 3558 6236 9339 9268 5364 491 5483 7725 9814 6419 8417 1887
24 3507 3051 3820 519 3699 6702 6105 4370 2869 7394 6587 7659 4268 6092 8668 5963 2753 8983 9873 2294 1287 8165 3218 3063
21 2593 1005 7668 4613 4012 3448 7343 4164 3738 6832 6856 1656 3309 9967 330 5546 8267 45 9203 3180 1060
20 4084 9322 1604 9039 5878 4136 487 8429 919 3533 2466 4850 3591 291 1383 6187 5989 7526 998 6717
24 4022 1214 3262 867 7697 2616 9710 4253 9160 3282 4096 4446 4714 1365 6210 7866 7675 4457 9637 2378 4611 3126 556 7989
25 1430 3810 8147 5774 648 8786 2181 958 2950 6608 683 6679 44 6857 6395 5262 2913 6006 3183 3144 5420 9540 6895 2055 5293
24 5296 7189 7478 7960 1989 513 3925 5112 1473 2659 3831 6516 4797 8385 534 3569 7833 3402 8850 9773 4367 3860 2069 7623
20 6665 4025 3209 5502 3048 9069 7050 5114 8654 2344 8921 3235 7514 3884 8503 4911 224 9831 390 5758
19 7408 5465 8680 5734 9408 6727 2271 904 6764 1346 5378 8988 1431 9687 4928 5928 7825 1056 9885
26 3298 3465 9998 1418 8715 968 6440 2759 4899 2570 1810 4987 5119 9072 2594 3660 7855 6286 2826 5924 3944 3002 479 5057 7416 6994
19 4636 7707 6303 8202 3387 1049 8195 2861 1696 6982 2916 604 3034 6258 3097 2936 1129 5987 1892
24 7119 9029 9565 4314 9331 2467 9635 2819 9240 7033 8735 6569 4922 3716 8659 5456 4934 7371 6276 7163 5073 4783 78 4145
25 4005 284 5357 4635 2781 8008 629 638 1370 4813 4815 6510 5583 8515 6549 9975 412 6835 4131 8131 5195 539 4375 7826 1212
19 9138 3245 3447 9826 9330 7673 5740 9441 3143 9043 7288 2226 1144 3372 5610 6673 3932 6015 2993
22 3324 6012 8215 4458 8115 1480 8811 1474 1137 9390 2790 1226 1730 7739 7992 2879 2289 9115 7100 9432 914 3223
23 257 8297 2811 1259 3059 663 1322 8095 9612 6949 8640 3130 1798 3323 5022 1608 1547 6496 984 6964 1395 5575 1758
21 4830 2872 1090 7278 6687 246 5328 7958 6504 7929 6708 3395 1112 7730 5094 2685 7252 4927 3346 4 1333
22 1959 2922 4677 1636 8874 6898 35 9355 1007 2005 5670 6524 4916 7420 5694 6572 139 3175 5617 1303 9918 9206
17 2615 80 8021 755 7741 1610 5549 1495 3612 3613 1806 5374 9081 8234 5461 2820 8971
22 4772 7053 1267 2644 5905 8780 9534 7217 8409 2839 6720 1089 6748 7235 50 7603 1836 3040 40 2227 731 6445
24 4100 2773 8366 6961 5739 3079 725 8128 4661 4124 5138 8238 22 3275 6324 1401 7449 5529 9995 9861 8677 8137 2987 3076
20 31 9713 6251 5899 5381 9144 7452 4770 1770 7653 216 8522 8972 3232 5504 5641 18 3914 3978 6148
5 1061 7383 6252 3508 2491
4 7809 7432 2430 8200
19 5909 6678 8010 1132 8410 9067 1640 9480 6263 3496 1292 7735 5896 9616 8959 729 944 8887 2540
21 940 8620 8079 6399 5506 7183 7882 9227 4091 1326 7279 8081 9447 1417 9426 9010 7388 2182 6559 8364 5446
21 7767 5016 8370 5960 5210 8697 9652 2027 2553 1309 3166 2295 4778 8377 6852 743 5572 3500 7803 5820 6978
4 2212 1546 2346 4810
24 1682 3801 4175 8977 9028 9630 509 8066 3391 2828 6933 3181 2503 6632 1429 2116 2387 8403 4552 8248 2925 3677 6481 2249
25 5344 7102 8418 19 8845 6940 3165 7244 8823 1179 196 9318 9378 1502 447 1165 3241 8980 4304 1477 3018 9562 9057 6073 441
16 6319 5736 7599 2462 9156 8717 8806 8346 3026 3104 5961 1213 3943 6096 2096 3903
23 6735 2774 4292 2263 3198 1643 8635 6313 5274 4975 2087 6494 5367 5375 399 2031 9098 4695 9468 7378 8986 9488 7696
22 8722 1107 7774 2132 8969 9771 8752 7683 6045 263 3959 6233 2871 1091 8394 598 4697 2103 7977 192 2693 3337
4 4528 8184 9803 6801
4 6879 1002 9360 3312
26 4082 3624 8882 6485 3046 3826 4749 7916 2656 1539 5311 7570 7085 4144 7839 891 5004 3983 4625 9200 8041 4905 955 8619 7391 3631
25 2710 471 5282 2022 7016 9032 8843 8511 2312 123 2485 7155 2867 4008 2422 9159 4036 4244 99 4487 4464 1890 1795 4726 7335
22 894 1839 9284 3016 2188 4402 9117 421 4108 3343 3691 1969 4126 3658 936 5099 9493 794 5846 1638 5664 9507
9 8111 9049 9489 7679 1108 5842 1569 2724 836
25 1893 5181 1149 5859 518 4994 8051 3589 8747 2170 2453 5212 8153 9172 9458 7883 3244 9337 87 6846 5436 2059 9399 8775 2488
24 1439 8344 3675 7620 1615 8469 1733 3484 8375 5471 2248 5451 5261 4634 5174 9692 9243 228 6154 5270 9486 7083 8061 3730
22 388 8777 8805 9906 2333 8849 140 9539 6605 2355 6306 6918 9536 8301 9392 1225 8770 5768 1522 8925 899 5130
4 4048 7621 3381 3163
10 1206 2944 9920 7835 6311 8581 3519 8082 2411 1087
24 8792 585 6221 9105 747 3219 6491 191 900 3365 9323 4277 7436 9948 2672 5596 1606 791 4010 3357 9527 2604 1641 4133
25 9563 1354 8259 458 9633 4399 5027 8319 111 9094 2228 9036 1723 4968 659 2667 3808 4773 4567 3923 5015 5419 8724 3525 2902
22 8139 5092 2196 4880 6523 3671 8302 1690 4743 2286 4456 7000 8705 9970 3032 1058 2643 3920 6057 8808 9993 5501
24 4727 870 3211 7469 1680 7447 3409 5109 7300 2043 4421 1412 2080 6763 4947 7879 8689 5403 2379 7955 7216 8598 4768 2049
20 9229 8720 2648 7597 9570 9375 2380 2198 1589 6840 4843 3856 9603 5653 7729 4524 1 6281 4363 4766
23 6441 7756 5474 6000 2907 5560 3481 8299 5470 2971 56 1014 8163 9148 2403 8618 1728 3242 1653 4288 2629 3662 8934
4 9925 3861 4138 995
24 9569 6424 3684 8707 5934 8053 8993 4203 2740 4047 3290 2601 816 2613 1857 8753 5242 8282 7213 5056 8781 675 7395 5812
4 9520 1973 2297 2237
10 233 7196 1421 1478 1442 767 5401 8908 9765 8726
25 9601 7932 9058 3068 1310 1372 5825 9310 1449 3902 1348 9731 4870 5156 3665 7737 3888 6352 2218 6557 8206 705 6249 6505 82
24 5295 2477 6580 5338 6522 7174 1117 9064 7034 9516 160 1932 5691 9442 3087 8129 5747 7822 5104 3858 9168 1341 2114 7997
26 8895 6808 6848 9734 9280 4622 8442 147 1644 1908 8519 3498 5942 1949 3007 8083 3769 3777 4917 5139 1440 653 2617 5814 1923 3081
4 719 3225 3709 0
17 2582 2509 97 2689 4205 4072 4137 4051 7633 5623 6929 6928 5150 5429 5141 9736 685
28 6889 2793 2890 6417 3108 9370 5416 7087 5499 701 1519 3584 5249 7762 7443 7215 6295 386 4454 2472 3217 5290 7170 3318 5438 6246 1038 6761
26 3334 1627 6152 1957 7428 1714 763 9490 5251 6482 8554 1210 9876 480 1767 7925 4476 2457 4179 2199 3100 2965 4448 4488 7795 6775
4 4557 8330 368 4361
26 7097 3593 2567 365 8087 3698 5621 9700 4425 3263 136 3845 1617 2161 8639 8307 68 5052 5228 6472 4283 2149 6050 5949 845 9120
6 8968 2620 3252 2251 4172 148
7 1105 6744 4450 4936 3594 6914 7467
4 5059 2660 8047 8070
26 688 3597 9245 5760 9855 6613 2313 3825 5699 6052 6874 9808 1647 2376 5882 4222 8961 2821 1288 5992 1851 8478 436 1894 2410 9005
3 8303 3202 7482
28 457 6716 5690 3700 4267 7245 1255 9379 7959 5879 2926 1039 5688 3172 7852 9343 9444 325 1468 8764 8358 149 9589 3214 1514 840 8269 6603
22 9456 4877 3319 3001 7057 7246 4710 9176 1704 6810 8819 6335 2880 7798 2895 8005 9798 6088 1174 2073 7649 7146
3 1344 1855 5478
25 5813 409 2542 1663 9194 2040 6927 9719 7294 5024 9193 1371 9930 4330 5253 134 6386 6598 6986 4199 7985 3956 4951 980 9726
29 1970 43 4170 1618 2163 4919 3179 5476 4178 8241 6195 2906 7846 9116 9591 7361 5568 6149 3164 7018 695 2945 6508 7919 540 4904 6358 4069 9711
3 4469 7948 8402
24 3433 7731 9996 9572 5373 3085 1517 6243 6837 8782 1274 5833 531 8863 602 6169 4754 4633 9502 7424 5058 8123 3069 4210
6 89 1037 8578 3557 4339 4900
3 9868 1880 4006
4 8994 3647 8711 9663
4 9186 2581 1922 5950
14 7379 1562 3388 6593 1699 9644 3704 2345 7680 9833 298 4079 6350 7069
26 5891 6354 5582 334 5627 7504 1336 2076 5634 4348 5822 7328 9517 4386 414 6272 9332 8725 3871 6362 8589 983 1148 4451 1484 4510
3 4793 4796 7147
4 7376 8306 5975 4465
21 4191 398 2100 5235 7871 8455 1512 6142 6792 6659 6545 8313 6617 2721 9455 6108 2349 4445 7943 3033 7918
4 4483 9121 23 7519
24 1842 7903 8647 1026 7612 8201 1379 661 8037 235 9778 2407 4638 3960 4531 2517 3823 6660 288 6144 197 5257 9329 464
3 7061 2573 1208
24 6200 4324 2120 1679 5025 8468 3452 274 3878 4811 2918 6283 12 5640 5667 7905 287 888 5884 9875 1261 7681 8718 562
19 6988 7993 2413 2352 6032 1576 2561 1221 5781 9038 424 5931 3221 7168 6501 1859 679 5408 4614
3 9723 4887 7362
12 3705 6868 5589 7200 5317 4235 249 255 2747 6470 2618 2499
20 1706 3714 2954 7927 5097 6537 8572 2390 2857 1786 4809 3 4835 5945 5726 652 4075 3787 6388 2029
22 1670 548 1460 1673 3637 8915 4978 9380 5135 431 3284 9174 5559 3562 9792 7131 6644 906 4760 7008 8884 5631
27 332 9495 6113 2853 3322 9218 637 1616 9087 2972 3953 5323 6615 5803 5093 3822 4553 8353 5770 407 2798 1811 2113 9145 2704 6770 7906
4 5371 7433 6018 262
23 4763 7344 3735 5901 8387 1986 2489 1010 3595 7907 4639 969 33 2978 9025 2786 6675 2946 3131 5839 6731 3099 6365
4 9252 7581 7506 8278
23 7650 2247 9155 2353 7257 8807 8399 9414 8704 5023 5467 3997 3430 8828 7797 1841 1254 2699 8885 2579 2824 8006 6136
3 9824 2736 6031
4 9256 6544 311 8815
22 4500 2519 5684 2695 7381 2233 3074 8826 8821 2908 6260 7175 5871 7776 1802 3302 5129 7584 3254 4771 6595 3969
24 3702 4832 4822 3523 6130 3360 1862 5536 2992 3414 7969 6429 2324 8144 115 7055 4800 6938 9008 9783 2013 3844 4332 1805
4 3638 1000 5444 251
3 3341 5982 6463
3 3578 8563 6090
25 5811 1703 2506 6416 418 1830 2360 6596 746 9421 4197 107 2558 8836 7151 6640 9725 4287 7818 6126 427 5342 231 6315 7157
5 1695 7025 4325 6382 6322
3 180 8890 7760
25 948 4761 1933 8912 3455 4979 6159 6669 3255 1234 1914 3011 9776 6287 7039 260 6736 6867 7199 450 9767 3715 3718 8216 1646
20 379 5887 5423 6431 9847 7601 7800 7269 9004 1820 7178 5391 8898 8408 1312 4577 9461 5463 5964 9860
3 1555 7206 873
4 4352 8596 1027 3515
26 6518 5347 6714 3056 4396 5630 1725 2464 4536 8607 7951 9369 177 2045 5870 4478 2796 9006 9683 2317 3151 7027 5673 4341 9673 5571
19 1040 8475 8104 6934 4214 6099 2483 7563 3412 829 8714 5048 5039 2037 6147 3872 7031 4563 1905
26 6607 3981 6788 7941 4997 9940 3679 1809 8869 2270 1614 9956 2427 3841 658 2128 453 5927 7473 9235 7313 5826 1073 5458 4971 926
4 1143 2718 7522 5325
19 9921 3976 4857 9780 1028 6821 8844 3973 8314 7635 7345 185 2195 6274 4156 4501 8454 706 3313
23 9541 2947 8374 2921 5486 1583 2788 467 1661 6372 751 724 4163 4424 8779 3752 7752 3520 3352 4612 3015 7863 1076
25 636 7390 6943 3477 4245 9438 697 2642 8477 4001 4353 478 256 4185 5786 5643 8396 2891 7387 1084 9699 8305 3642 557 9184
3 3491 9927 9349
20 137 812 8917 2923 6958 1731 7900 9883 3882 7434 9298 2375 5211 777 7350 6791 430 8809 5791 7173
27 6567 71 2060 5841 8535 3948 8550 6068 2848 7171 4585 2904 4327 3933 4586 3416 3802 732 8928 5133 4590 6646 8696 5365 411 3928 1573
26 5171 2439 3749 6120 3139 9135 7166 5682 3954 3939 2700 5012 5522 6162 1584 2398 1955 1724 5372 8954 9919 4151 8084 144 6214 4755
4 4679 2176 5969 9600
15 8996 8923 5236 9840 9497 5800 550 2347 5680 7945 6343 8716 5498 7733 9552
3 364 7110 3824
25 4068 4032 8937 565 4891 5194 3891 3248 4217 1393 4485 1983 9373 811 6715 4422 6461 6111 6628 4357 6627 5586 6586 7426 7784
20 1356 7842 1748 3453 9283 3006 2456 1501 1186 5937 2691 9119 5275 2219 6838 1289 9932 269 644 962
4 2486 6190 1998 5828
20 8326 9047 3055 8827 6489 7127 9395 4753 7338 6171 410 3109 2025 3094 8669 5926 5319 4310 1359 3350
25 4438 2061 8784 321 6750 4432 6732 8181 8423 536 219 3565 2844 178 4834 5904 9415 4312 9149 7291 6209 9250 7029 3505 2843
4 9515 4027 7015 8048
3 7909 6517 499
4 2669 8730 9910 2343
27 2172 607 5063 913 6999 314 7608 3641 5609 3057 5126 9838 3545 9602 9558 7502 4675 8164 1063 6826 9529 6651 317 5318 6667 5607 1732
17 6740 3187 4000 7017 6554 4107 8938 4985 1281 9613 1385 3439 9294 9259 2612 2133 7917
20 8975 9849 6512 8207 4272 9844 6217 7077 7856 1171 6932 7728 6861 3905 2371 8463 654 8818 2127 5676
3 1844 8670 7990
3 6039 1135 3291
19 5376 4482 4173 2690 8840 9161 120 8960 444 341 1791 1172 5954 1011 9391 5943 1936 3838 4049
20 9737 5409 2478 7176 7789 2236 5495 1871 6967 3852 1629 7670 9367 1901 7382 6495 8222 7160 5065 3737
4 5137 6527 8788 4337
22 6114 7881 8948 6198 2217 5050 9903 8768 1231 7386 6308 6726 4757 9786 3300 9746 347 1533 6760 6490 3440 7093
25 5851 569 3432 1570 2560 8611 104 2400 5340 2914 6990 6631 4649 877 5869 237 1975 662 9197 8256 8846 1825 6573 2117 8740
25 3868 3320 75 3745 3342 9220 2778 5335 7177 5967 8179 7894 4087 5552 2190 4561 5428 8045 555 7571 6588 4504 1909 8098 7836
27 6333 8600 8964 1394 4099 4750 2437 806 9609 7028 6011 5042 1792 5600 202 7755 2683 2508 6328 9352 2446 213 5327 8178 6881 4820 4354
26 7782 5287 2242 6743 8270 1337 5850 8894 340 7868 3369 3848 1368 4338 7949 2213 7488 2770 4187 9772 5845 1488 295 2363 7402 3927
3 7613 9287 2412
4 7464 4471 1874 7844
4 8758 8071 3362 4320
23 5809 3949 1868 7821 3611 803 2435 1834 8622 7149 9632 9112 8268 9717 3625 6357 7462 9108 5556 8130 6278 6355 4846
24 9754 7588 4856 3921 7154 5737 8210 6909 3199 7766 4549 2137 2330 3470 319 8003 4408 7476 3041 5455 6779 5831 2361 465
22 576 4433 7324 6973 817 2014 3203 183 3502 3050 5692 2326 882 4186 1590 9858 5110 6533 9891 3617 8036 2155
4 7972 7013 4520 1652
3 3608 8967 766
3 5968 7325 3147
23 3809 4061 1877 2860 400 3645 5078 7024 1866 6872 2287 5243 1180 738 3803 9782 3664 6790 2598 5550 2469 5817 6022
21 8958 4218 6119 5663 3957 7565 9358 6342 9911 6674 8363 7720 3945 866 9422 8015 5142 2554 5320 2627 5618
24 3297 1686 212 176 9557 4073 4331 2444 6219 5516 8543 9213 2368 5965 106 4691 3392 5269 5595 7441 7409 60 6944 9895
4 7444 5071 5780 6520
4 8253 5903 9346 6514
4 6515 5091 835 6477
4 4321 8824 4838 3635
4 3207 4736 2709 879
16 1713 9528 6677 3374 2463 8526 1711 6475 5363 6225 1925 8365 2752 6721 4732 2876
26 5255 9187 9742 8481 4943 4831 9034 3987 6174 8450 4729 6657 6734 9832 6284 5006 6464 496 5798 7523 1291 9937 470 855 1540 707
4 5886 2384 3088 605
21 454 1565 5240 849 2110 2769 6168 6288 9103 4206 7457 9647 4897 6331 3922 7412 113 6027 6397 5230 5855
24 2977 2004 7706 3301 6553 8847 1954 2493 3383 3303 6923 9870 6314 573 7845 9024 5033 1826 1162 5075 7850 5696 1139 6285
22 7143 819 2888 3766 9671 4575 7610 7677 1059 6098 2757 8875 7702 8293 8018 4296 3191 6542 5431 6063 5410 2897
3 4411 203 4467
26 9621 2557 8328 9790 5685 4789 6087 3656 9265 1559 2389 3075 1700 186 6937 63 7182 8058 5329 4676 2252 5146 1244 3543 5157 5224
23 2998 7790 8233 9093 8113 4662 3473 2762 2441 4828 5892 362 4570 5735 1816 8265 9605 6819 6968 953 1403 2658 1456
24 6911 9376 8264 245 852 9070 5542 8626 4130 1850 1252 2545 3226 9799 5383 7054 5315 3724 6072 6423 1247 2929 7002 226
22 6327 2783 5738 9904 2766 9397 5789 2940 2168 9994 1032 3685 1297 1761 3095 4123 8638 778 6411 5203 142 4926
4 2099 492 4644 2125
4 2717 9483 1956 584
25 1411 8343 1462 2220 3200 4509 7694 3330 7817 7617 3474 4117 4350 8646 2309 800 7006 6886 5266 5153 4463 5806 3728 8349 6060
4 1190 1339 4588 7753
3 7270 3539 9019
23 5557 4066 5066 5167 6186 4349 9266 6781 9836 3674 9031 5333 9584 5659 8729 1130 6683 673 1829 6434 3153 2785 5753
21 7988 1188 5669 749 6577 3039 5764 4748 7114 2311 2976 8763 8862 7618 4081 2833 2416 860 8658 3934 4158
18 6244 8412 2193 8056 1749 4347 2779 5038 9564 2546 6197 7195 4273 5396 2847 5657 4862 4901
27 3504 1155 3397 7037 7021 8124 4395 590 1856 1852 8054 1903 8493 7374 667 7404 5932 3070 7853 4534 8205 6396 2764 6690 1136 1157 8499
22 4381 5158 9151 3426 856 3719 1227 6566 6979 9215 9580 6267 4737 2169 2725 2425 9946 9063 974 6759 5035 3619
21 7068 1945 2805 5698 7734 8541 6103 960 6877 1735 1619 5540 7629 329 2743 6671 558 1268 2878 4364 9567
4 7108 7632 7779 1586
27 8342 7663 1687 7699 7466 276 9866 7858 6471 2419 6921 7746 6138 9320 9246 639 8733 6462 570 7026 9500 3604 4018 6941 2158 391 7744
4 1178 2887 1146 8913
23 2502 8943 3280 796 7975 6521 6883 7366 8327 2568 8817 8127 6643 8106 3814 8199 1726 3863 7604 4961 5848 7625 2334
19 2476 4401 6409 7298 9714 8435 949 5762 3327 3811 6637 7185 4004 46 395 8634 3186 7938 3559
16 3028 5366 6576 1633 1126 8189 6224 2832 571 588 4040 6124 7044 3422 5175 2032
26 693 1156 1671 426 5452 9874 173 875 9889 9905 4952 8754 7315 1020 1361 2808 5843 4915 5940 8012 2088 8897 9210 4383 3035 9484
4 8192 3321 6610 9865
26 8950 30 9362 1262 4413 2571 1083 1079 2838 5011 6803 5061 4230 383 2160 8246 8386 2901 3763 1029 8026 2339 2823 9971 9374 6193
4 8422 1159 2015 4412
28 9686 4299 981 7130 5584 5844 3817 6998 6341 4455 5606 8198 9830 3666 8368 3310 4587 1471 4400 4889 703 7740 4110 4380 9189 5392 4315 2165
18 9257 7775 3864 1889 5984 3025 2795 8506 4340 7080 6164 2098 8331 7641 5197 1350 2280 702
4 6403 476 4868 3620
28 6320 3797 2744 1568 9974 8451 6391 8744 2166 4851 2956 2970 1698 2150 3401 930 3602 670 4106 5079 3568 8684 1964 9248 8369 4162 13 2145
25 8906 6824 4817 8122 9514 5250 5390 8756 8734 941 475 3102 2459 5697 9335 2623 1116 1486 3285 7596 132 4803 4212 6539 1293
13 389 8114 382 7380 2777 318 1316 6563 9258 6465 5489 4671 831
26 8999 7459 9675 9959 8951 9620 1464 5184 5459 2066 5361 59 8676 6036 4038 6789 8641 4262 5077 6204 1161 6592 7121 7559 7568 5414
19 8886 375 6900 6699 5980 367 2258 8155 5204 493 6820 2961 1461 1740 785 6534 609 3609 6323
4 5281 7575 3367 7153
4 5979 6686 1018 264
25 8397 633 7066 6081 5761 6799 2651 8225 3946 8065 8691 7805 8551 5715 4884 5951 4378 6390 9933 4097 5244 5900 8350 2409 9296
24 3008 6863 7532 6184 8186 2438 8382 9295 5661 7360 5912 5051 6118 1950 3532 9499 625 7500 6555 1812 5233 7540 1701 7714
22 3774 8864 2562 2019 6601 5745 2131 9801 2023 9009 7924 9124 3268 2321 2555 8321 5355 8089 5953 7283 4427 2564
16 3580 5404 4058 9040 9658 6005 29 7511 9154 7700 9893 9403 764 1602 8927 9878
16 229 4078 1096 4913 163 1051 7895 5533 6165 2864 3210 8857 5714 7011 8057 1080
4 1381 7453 641 3135
4 9550 6834 4949 9636
4 5742 8773 8719 7280
25 6974 5118 7201 5941 9551 1432 7877 4923 5778 3420 8979 3468 6156 2208 9096 4924 4388 6299 676 9163 1753 184 3091 5435 603
4 4070 2053 6238 5821
4 1023 978 3870 4530
20 1709 3805 6158 8700 5268 3273 9264 6623 8483 6074 7578 5625 2266 623 3926 7084 7001 2197 8001 8235
26 6509 7105 795 8891 4579 3113 739 8351 6822 4842 8157 2260 7787 3583 5415 3404 5656 1151 2756 7939 4708 5938 7336 6684 5591 9986
4 9530 306 943 4925
24 9804 3304 6455 947 343 259 7415 7431 6393 5188 6360 9682 4878 4491 6507 1612 5952 7521 4149 5418 8859 8013 664 73
23 7065 7510 8046 9659 5496 1475 4146 5644 2935 3425 5407 2141 7296 3874 3673 3713 6387 9062 9656 3518 3998 2750 4490
28 8341 3632 9619 3839 4741 5986 3339 4168 543 8172 2292 1911 2802 9980 9813 3348 3717 8920 3553 9242 9646 4322 4444 5229 5741 3250 1128 220
14 9436 1131 1591 3650 9130 6769 1849 4786 1119 5169 6256 3407 3478 4286
28 5883 9457 1197 3917 1506 52 236 4651 6064 2243 8232 2144 3799 783 6860 3446 5880 2068 4519 3213 7529 1391 7652 8457 9653 1574 8044 6368
4 7862 2528 8571 9301
3 1626 6321 1140
4 2951 9249 6583 7275
4 7773 3654 1284 5348
4 3708 4941 218 8490
25 7899 7477 2686 1613 4769 8441 5757 6989 2846 8263 3152 3606 9341 6771 3750 632 3995 8687 8709 1621 9643 8678 4977 2530 8196
4 9044 7075 3729 7971
23 5382 6348 784 9464 7251 578 9181 4169 4085 5488 1307 4618 5177 1306 4571 3726 9775 8797 1953 9931 129 5439 5176
21 6541 5622 9943 6418 4358 9347 3060 4892 3110 3982 5603 3437 4647 4963 8183 3955 1398 759 4735 5047 5072
25 9109 2429 7233 3013 277 2527 8180 554 8294 7126 6375 2148 650 1775 9568 5013 6487 4541 9781 2262 1665 526 3274 131 7667
28 6995 9285 2807 4597 589 3394 8367 8655 2723 5543 5724 204 5100 9577 2996 7268 7824 5083 9853 9839 3592 2631 4896 8100 4861 2223 6273 7953
21 5134 3544 3021 9599 9236 8870 5718 2803 1086 2139 9555 7829 9425 6301 9676 9669 8765 8488 8110 4243 2225
4 9864 2939 174 1286
4 2445 6753 2448 7410
23 5346 9324 8633 5503 3720 8229 8197 1624 7451 5353 4494 1916 9666 7132 5036 5313 4216 4298 3043 8769 2267 5604 737
5 9251 9418 7458 7483 3755
26 6075 316 1035 9178 3756 3003 4957 3605 8093 1258 1369 6439 337 5651 2990 6691 9593 6796 2340 9014 6892 9793 6151 4909 3185 3064
4 5562 8088 9914 9231
18 2589 7799 5321 5819 5836 198 5472 9677 792 1204 9453 7242 4148 1253 7658 4680 4269 9648
17 9750 1422 8272 6722 3722 2134 3676 4426 4672 3492 9812 3238 21 3417 5202 108 5020
4 6745 7804 9740 7703
3 2591 5226 7655
4 4604 6377 5573 6622
5 5578 240 8000 742 7368
4 4818 5983 5985 2298
24 7036 6353 9548 5601 8517 2222 7096 7499 8077 748 168 5389 8674 1033 754 5074 9915 9201 2381 7748 4702 5750 6191 9614
27 1978 294 3900 8309 5379 2646 32 4794 1004 3239 885 1109 5085 9481 7164 6841 6915 4265 413 4731 4391 3935 7896 3140 9384 566 3526
21 2510 4666 3896 5225 581 4658 3464 8421 4946 5223 3695 1571 8280 3154 3204 3834 5151 2224 7138 631 6782
4 563 1399 3086 7771
25 3633 5453 8390 959 6865 1315 4724 8616 359 2261 5894 9012 2952 5772 4526 3754 9237 2374 5720 1762 2229 9051 8391 3347 5003
18 4052 9230 7363 9977 7094 9845 517 1685 2151 4752 3813 3004 7439 8565 5095 6479 9916 5334
5 1778 2265 9449 6762 2822
19 350 7816 1410 4231 5125 3014 7282 6811 6543 7533 4224 4166 5108 2827 9622 9423 5127 8078 1708
20 3516 6021 3623 3877 3167 6894 3031 696 6707 9628 5910 8888 4176 1295 5805 9214 9521 1645 9638 3975
5 5513 1803 8878 7528 3134
3 1817 2758 1785
4 5254 3358 2751 6845
7 9359 310 9372 360 7095 438 4042
8 1114 666 3111 4192 4983 538 828 5272
4 5332 5441 9451 3020
23 3246 530 8224 1541 7525 6291 8501 2079 5305 9623 3832 8666 5722 7887 8930 8027 7238 9302 3980 587 3644 3984 1230
4 3230 1192 1776 8276
24 1642 9755 8835 5350 5751 5748 1807 7898 9263 9950 5345 7237 9061 3022 4845 818 170 9446 2877 9311 5854 6177 5865 750
5 2177 820 2007 6768 3887
7 3827 7347 8632 6511 7367 323 2836
23 8949 844 8905 7498 250 8660 1042 2610 9991 5832 1931 6034 4306 7639 9962 5384 4556 2813 9281 7079 8612 4908 9336
26 1285 2121 333 8757 103 6110 7023 3089 4236 8625 4046 3331 8721 1419 8544 2119 2331 9825 9241 8383 1787 4581 2423 9697 4606 9123
4 2288 9377 408 6127
28 2882 3197 7999 3449 4041 4967 6749 992 20 3418 7193 642 6407 1595 1607 5464 6556 1340 963 2351 9400 6532 9758 5276 9957 4518 1536 6229
24 189 6155 2367 5638 7205 7197 5599 9789 3598 5944 7082 2749 4765 8474 1357 2093 7145 4824 8 4459 6086 6701 7202 2408
26 5168 93 4311 973 9606 5462 4258 4974 1211 5473 7423 2884 6460 9802 821 3918 3707 356 9217 9827 8919 9938 6364 7485 3380 8022
28 4492 8681 1934 6653 62 477 1674 8931 3096 2253 2626 5098 3781 7012 1917 8545 1779 1951 6428 9472 8456 781 8858 2259 5936 265 8613 5665
18 1763 47 1166 3434 1304 5776 9583 542 9854 5343 5312 9146 7676 6959 3514 1974 3256 5895
25 7198 3509 2454 9691 9255 8985 1191 2937 8160 1443 5454 3668 9650 4266 528 4095 9212 9828 1924 4114 6468 1205 6847 5857 6976
22 799 5484 898 2715 9091 7133 9225 2256 2369 4596 2849 6080 8072 4291 3835 9169 3120 6585 3548 7851 6795 8685
3 7468 7678 3145
8 1545 1022 7113 9668 3497 7986 7358 6104
26 9810 8732 5532 3985 6486 3681 4026 4142 6612 5037 8162 572 4472 4699 3873 3379 4029 907 5196 7299 28 9086 5612 2255 451 7577
8 5067 7346 8373 7059 9756 6153 532 6170
6 5553 4417 8340 4015 5637 4140
3 8227 9954 5679
7 3614 2866 4181 5561 1813 1694 3688
8 1319 7684 5646 6917 7885 1367 361 7524
5 4301 8727 549 6614 8230
27 4774 8631 7888 2830 4157 3349 2679 3306 1377 3567 1222 7339 2447 1031 4248 8266 3561 6705 7962 1520 5590 2494 5897 5723 3626 7049 4374
21 687 7332 4030 9631 2052 4285 1867 7654 1524 2203 5152 8052 1581 4043 8211 8528 1334 3240 452 9413 9304
8 4420 7913 3389 4261 5265 8389 3965 4823
9 9763 3193 8102 8867 2845 4057 6564 2794 6010
8 7355 6143 7609 1390 2855 651 1052 7393
19 4177 2599 5000 9321 2002 3942 3435 3150 4279 1275 2608 1594 2837 745 8355 7228 6500 9732 8411
3 7716 1376 613
7 7284 9693 8348 3850 8473 669 432
3 9459 773 3694
8 6591 8553 6855 1556 8508 3277 8279 446
3 7227 4011 6207
6 3288 4646 6913 8570 4241 5412
27 4937 952 5443 2017 8138 2664 4918 8315 1294 3105 422 1848 5337 5442 9543 9191 8291 500 7327 2209 1444 1782 6140 8460 5215 5273 7450
3 3560 8965 39
7 6912 1246 8028 9533 3408 6405 6
9 1563 1529 1433 9381 4972 7813 2814 6766 4599
6 923 3760 5721 8661 247 6817
10 6960 4317 594 8322 5030 488 3286 4284 9749 5749
7 5649 4329 9744 5683 7115 4281 2300
25 1426 3122 6670 2034 1535 9978 7076 8086 2856 9262 4660 3124 1734 4674 2452 4159 3782 6658 1236 3062 8582 9162 9745 9791 2487
3 5480 3936 798
9 7122 2541 6548 6560 1720 7058 7204 2697 8080
24 9760 2468 6725 889 8140 3249 5294 8152 9207 9674 7156 3601 1328 8673 868 3889 2932 8371 9730 5191 9788 9990 16 2310
26 5140 7908 3142 7489 4667 1085 6017 3748 1846 2578 3353 4859 9690 4582 841 3084 7107 6131 2185 9016 4535 1737 547 1847 1238 4751
22 3833 302 1025 3908 7535 6380 8405 5579 6488 6723 4376 5660 6774 1355 352 643 8380 988 4009 6624 8880 3528
20 4580 7561 5771 194 5173 2492 8507 647 1600 322 6083 8494 6962 3764 1898 2726 3971 9818 7539 8900
25 1021 3788 416 4316 396 722 7562 118 327 2962 9202 91 9526 2967 1660 7590 8896 7194 7708 9260 5252 2186 7973 712 1837
3 2418 1067 1736
21 9021 7872 9821 1167 5666 7682 6400 626 2322 25 7954 5852 5916 1378 3427 207 2647 910 7527 7814 4725
3 9504 4829 1459
3 5991 3696 9509
7 872 7109 2678 3229 5117 8156 2858
8 8605 4717 6430 4548 5518 7722 8497 7192
