3 208 297 273
3 33 39 246
3 103 127 62
3 213 173 28
3 108 154 194
3 114 120 129
3 203 65 227
3 153 197 107
3 142 90 19
3 141 4 220
3 271 26 177
3 96 147 52
3 185 193 196
3 167 221 232
3 241 251 66
3 215 151 158
3 16 7 182
3 204 93 59
3 74 102 207
3 282 44 31
3 25 254 81
3 125 82 117
3 48 184 137
3 295 110 139
3 164 202 29
3 12 45 60
3 259 30 214
3 112 51 191
3 248 249 130
3 235 85 280
3 242 287 77
3 72 298 22
3 276 171 47
3 257 188 134
3 106 113 56
3 265 2 216
3 149 262 86
3 258 261 9
3 162 20 255
3 212 23 68
3 89 178 183
3 223 230 87
3 159 24 101
3 116 175 172
3 37 277 210
3 285 190 264
3 11 148 69
3 155 250 98
3 49 274 176
3 136 115 260
3 126 186 145
3 131 268 6
3 43 198 71
3 111 100 104
3 226 132 92
3 288 163 15
3 293 105 244
3 156 189 157
3 180 138 239
3 119 229 240
3 181 199 73
3 27 97 84
3 256 143 292
3 128 61 160
3 219 5 76
3 123 57 286
3 35 266 279
3 10 218 211
3 95 252 275
3 21 18 50
3 150 118 284
3 67 174 165
3 201 1 267
3 124 192 217
3 121 14 144
3 245 109 289
3 32 99 179
3 83 58 195
3 281 140 225
3 296 233 79
3 161 78 200
3 243 205 38
3 0 133 41
3 278 146 36
3 94 236 247
3 42 238 169
3 272 269 187
3 3 237 253
3 209 64 168
3 135 263 299
3 206 40 291
3 70 8 34
3 224 231 270
3 80 75 53
3 228 55 166
3 63 294 17
3 152 88 46
3 13 170 122
3 290 283 222
2 54 91
